<?xml version="1.0" encoding="UTF-8"?>
<testsuite xmlns:xsi="http://www.w3.org/2001/XMLSchema-instance" xsi:noNamespaceSchemaLocation="https://maven.apache.org/surefire/maven-surefire-plugin/xsd/surefire-test-report-3.0.xsd" version="3.0" name="org.example.AppTest" time="0.019" tests="1" errors="0" skipped="0" failures="0">
  <properties>
    <property name="java.specification.version" value="17"/>
    <property name="sun.cpu.isalist" value="amd64"/>
    <property name="sun.jnu.encoding" value="Cp1252"/>
    <property name="java.class.path" value="C:\Users\manuel.hermoso\OneDrive - Bosonit\Escritorio\Formación Backend\Ejercicios_Bloques\block_3\block3-maven-package\target\test-classes;C:\Users\manuel.hermoso\OneDrive - Bosonit\Escritorio\Formación Backend\Ejercicios_Bloques\block_3\block3-maven-package\target\classes;C:\Users\manuel.hermoso\.m2\repository\junit\junit\3.8.1\junit-3.8.1.jar;"/>
    <property name="java.vm.vendor" value="JetBrains s.r.o."/>
    <property name="sun.arch.data.model" value="64"/>
    <property name="user.variant" value=""/>
    <property name="java.vendor.url" value="https://openjdk.java.net/"/>
    <property name="user.timezone" value="Europe/Madrid"/>
    <property name="os.name" value="Windows 10"/>
    <property name="java.vm.specification.version" value="17"/>
    <property name="sun.java.launcher" value="SUN_STANDARD"/>
    <property name="user.country" value="ES"/>
    <property name="sun.boot.library.path" value="C:\Users\manuel.hermoso\.jdks\jbr-17.0.8\bin"/>
    <property name="sun.java.command" value="C:\Users\manuel.hermoso\AppData\Local\Temp\surefire7712991197951669291\surefirebooter-20230911150624978_3.jar C:\Users\manuel.hermoso\AppData\Local\Temp\surefire7712991197951669291 2023-09-11T15-06-24_770-jvmRun1 surefire-20230911150624978_1tmp surefire_0-20230911150624978_2tmp"/>
    <property name="jdk.debug" value="release"/>
    <property name="surefire.test.class.path" value="C:\Users\manuel.hermoso\OneDrive - Bosonit\Escritorio\Formación Backend\Ejercicios_Bloques\block_3\block3-maven-package\target\test-classes;C:\Users\manuel.hermoso\OneDrive - Bosonit\Escritorio\Formación Backend\Ejercicios_Bloques\block_3\block3-maven-package\target\classes;C:\Users\manuel.hermoso\.m2\repository\junit\junit\3.8.1\junit-3.8.1.jar;"/>
    <property name="sun.cpu.endian" value="little"/>
    <property name="user.home" value="C:\Users\manuel.hermoso"/>
    <property name="user.language" value="es"/>
    <property name="java.specification.vendor" value="Oracle Corporation"/>
    <property name="java.version.date" value="2023-07-18"/>
    <property name="java.home" value="C:\Users\manuel.hermoso\.jdks\jbr-17.0.8"/>
    <property name="file.separator" value="\"/>
    <property name="basedir" value="C:\Users\manuel.hermoso\OneDrive - Bosonit\Escritorio\Formación Backend\Ejercicios_Bloques\block_3\block3-maven-package"/>
    <property name="java.vm.compressedOopsMode" value="Zero based"/>
    <property name="line.separator" value="&#10;"/>
    <property name="java.vm.specification.vendor" value="Oracle Corporation"/>
    <property name="java.specification.name" value="Java Platform API Specification"/>
    <property name="jbr.virtualization.information" value="No virtualization detected"/>
    <property name="surefire.real.class.path" value="C:\Users\manuel.hermoso\AppData\Local\Temp\surefire7712991197951669291\surefirebooter-20230911150624978_3.jar"/>
    <property name="user.script" value=""/>
    <property name="sun.management.compiler" value="HotSpot 64-Bit Tiered Compilers"/>
    <property name="java.runtime.version" value="17.0.8+7-b1000.8"/>
    <property name="user.name" value="manuel.hermoso"/>
    <property name="path.separator" value=";"/>
    <property name="os.version" value="10.0"/>
    <property name="java.runtime.name" value="OpenJDK Runtime Environment"/>
    <property name="file.encoding" value="Cp1252"/>
    <property name="java.vm.name" value="OpenJDK 64-Bit Server VM"/>
    <property name="java.vendor.version" value="JBR-17.0.8+7-1000.8-nomod"/>
    <property name="localRepository" value="C:\Users\manuel.hermoso\.m2\repository"/>
    <property name="java.vendor.url.bug" value="https://bugreport.java.com/bugreport/"/>
    <property name="java.io.tmpdir" value="C:\Users\MANUEL~1.HER\AppData\Local\Temp\"/>
    <property name="idea.version" value="2023.2.1"/>
    <property name="java.version" value="17.0.8"/>
    <property name="user.dir" value="C:\Users\manuel.hermoso\OneDrive - Bosonit\Escritorio\Formación Backend\Ejercicios_Bloques\block_3\block3-maven-package"/>
    <property name="os.arch" value="amd64"/>
    <property name="java.vm.specification.name" value="Java Virtual Machine Specification"/>
    <property name="sun.os.patch.level" value=""/>
    <property name="native.encoding" value="Cp1252"/>
    <property name="java.library.path" value="C:\Users\manuel.hermoso\.jdks\jbr-17.0.8\bin;C:\Windows\Sun\Java\bin;C:\Windows\system32;C:\Windows;C:\Windows\system32;C:\Windows;C:\Windows\System32\Wbem;C:\Windows\System32\WindowsPowerShell\v1.0\;C:\Windows\System32\OpenSSH\;C:\Program Files (x86)\Microsoft SQL Server\160\Tools\Binn\;C:\Program Files\Microsoft SQL Server\160\Tools\Binn\;C:\Program Files\Microsoft SQL Server\Client SDK\ODBC\170\Tools\Binn\;C:\Program Files\Microsoft SQL Server\160\DTS\Binn\;C:\Program Files (x86)\Microsoft SQL Server\160\DTS\Binn\;C:\Program Files\Azure Data Studio\bin;C:\Program Files\Git\cmd;C:\Users\manuel.hermoso\AppData\Local\Microsoft\WindowsApps;C:\Program Files\Azure Data Studio\bin;C:\apache-maven-3.9.4\apache-maven\src\bin;C:\Program Files\Java\jdk-17\bin;C:\Program Files\Java\jdk-17;;."/>
    <property name="java.vm.info" value="mixed mode"/>
    <property name="java.vendor" value="JetBrains s.r.o."/>
    <property name="java.vm.version" value="17.0.8+7-b1000.8"/>
    <property name="sun.io.unicode.encoding" value="UnicodeLittle"/>
    <property name="java.class.version" value="61.0"/>
  </properties>
  <testcase name="testApp" classname="org.example.AppTest" time="0.003"/>
</testsuite>